  [1m[36m (108.6ms)[0m  [1mCREATE TABLE "schema_migrations" ("version" varchar(255) NOT NULL) [0m
  [1m[35m (0.2ms)[0m  select sqlite_version(*)
  [1m[36m (98.8ms)[0m  [1mCREATE UNIQUE INDEX "unique_schema_migrations" ON "schema_migrations" ("version")[0m
  [1m[35mActiveRecord::SchemaMigration Load (0.2ms)[0m  SELECT "schema_migrations".* FROM "schema_migrations"
Migrating to CreateUsers (20141208135924)
  [1m[36m (0.1ms)[0m  [1mbegin transaction[0m
  [1m[35m (0.4ms)[0m  CREATE TABLE "users" ("id" INTEGER PRIMARY KEY AUTOINCREMENT NOT NULL, "name" varchar(255), "created_at" datetime, "updated_at" datetime) 
  [1m[36mSQL (0.2ms)[0m  [1mINSERT INTO "schema_migrations" ("version") VALUES (?)[0m  [["version", "20141208135924"]]
  [1m[35m (131.8ms)[0m  commit transaction
Migrating to AddDeviseToUsers (20141208140244)
  [1m[36m (0.1ms)[0m  [1mbegin transaction[0m
  [1m[35m (0.6ms)[0m  ALTER TABLE "users" ADD "email" varchar(255) DEFAULT '' NOT NULL
  [1m[36m (0.4ms)[0m  [1mALTER TABLE "users" ADD "encrypted_password" varchar(255) DEFAULT '' NOT NULL[0m
  [1m[35m (0.4ms)[0m  ALTER TABLE "users" ADD "reset_password_token" varchar(255)
  [1m[36m (0.4ms)[0m  [1mALTER TABLE "users" ADD "reset_password_sent_at" datetime[0m
  [1m[35m (0.4ms)[0m  ALTER TABLE "users" ADD "remember_created_at" datetime
  [1m[36m (0.2ms)[0m  [1mALTER TABLE "users" ADD "sign_in_count" integer DEFAULT 0 NOT NULL[0m
  [1m[35m (0.2ms)[0m  ALTER TABLE "users" ADD "current_sign_in_at" datetime
  [1m[36m (0.2ms)[0m  [1mALTER TABLE "users" ADD "last_sign_in_at" datetime[0m
  [1m[35m (0.2ms)[0m  ALTER TABLE "users" ADD "current_sign_in_ip" varchar(255)
  [1m[36m (0.2ms)[0m  [1mALTER TABLE "users" ADD "last_sign_in_ip" varchar(255)[0m
  [1m[35m (0.2ms)[0m  CREATE UNIQUE INDEX "index_users_on_email" ON "users" ("email")
  [1m[36m (0.1ms)[0m  [1m            SELECT sql
            FROM sqlite_master
            WHERE name='index_users_on_email' AND type='index'
            UNION ALL
            SELECT sql
            FROM sqlite_temp_master
            WHERE name='index_users_on_email' AND type='index'
[0m
  [1m[35m (0.1ms)[0m  CREATE UNIQUE INDEX "index_users_on_reset_password_token" ON "users" ("reset_password_token")
  [1m[36mSQL (0.1ms)[0m  [1mINSERT INTO "schema_migrations" ("version") VALUES (?)[0m  [["version", "20141208140244"]]
  [1m[35m (129.7ms)[0m  commit transaction
Migrating to CreateMailboxer (20141208140641)
  [1m[36m (0.1ms)[0m  [1mbegin transaction[0m
  [1m[35m (0.7ms)[0m  CREATE TABLE "mailboxer_conversations" ("id" INTEGER PRIMARY KEY AUTOINCREMENT NOT NULL, "subject" varchar(255) DEFAULT '', "created_at" datetime NOT NULL, "updated_at" datetime NOT NULL) 
  [1m[36m (0.4ms)[0m  [1mCREATE TABLE "mailboxer_receipts" ("id" INTEGER PRIMARY KEY AUTOINCREMENT NOT NULL, "receiver_id" integer, "receiver_type" varchar(255), "notification_id" integer NOT NULL, "is_read" boolean DEFAULT 'f', "trashed" boolean DEFAULT 'f', "deleted" boolean DEFAULT 'f', "mailbox_type" varchar(25), "created_at" datetime NOT NULL, "updated_at" datetime NOT NULL) [0m
  [1m[35m (0.3ms)[0m  CREATE TABLE "mailboxer_notifications" ("id" INTEGER PRIMARY KEY AUTOINCREMENT NOT NULL, "type" varchar(255), "body" text, "subject" varchar(255) DEFAULT '', "sender_id" integer, "sender_type" varchar(255), "conversation_id" integer, "draft" boolean DEFAULT 'f', "notification_code" varchar(255), "notified_object_id" integer, "notified_object_type" varchar(255), "attachment" varchar(255), "updated_at" datetime NOT NULL, "created_at" datetime NOT NULL, "global" boolean DEFAULT 'f', "expires" datetime) 
  [1m[36m (0.1ms)[0m  [1mCREATE  INDEX "index_mailboxer_receipts_on_notification_id" ON "mailboxer_receipts" ("notification_id")[0m
  [1m[35m (0.1ms)[0m  CREATE  INDEX "index_mailboxer_notifications_on_conversation_id" ON "mailboxer_notifications" ("conversation_id")
  [1m[36mSQL (0.1ms)[0m  [1mINSERT INTO "schema_migrations" ("version") VALUES (?)[0m  [["version", "20141208140641"]]
  [1m[35m (147.9ms)[0m  commit transaction
Migrating to AddConversationOptout (20141208140642)
  [1m[36m (0.1ms)[0m  [1mbegin transaction[0m
  [1m[35m (0.6ms)[0m  CREATE TABLE "mailboxer_conversation_opt_outs" ("id" INTEGER PRIMARY KEY AUTOINCREMENT NOT NULL, "unsubscriber_id" integer, "unsubscriber_type" varchar(255), "conversation_id" integer) 
  [1m[36mSQL (0.2ms)[0m  [1mINSERT INTO "schema_migrations" ("version") VALUES (?)[0m  [["version", "20141208140642"]]
  [1m[35m (128.8ms)[0m  commit transaction
Migrating to AddMissingIndices (20141208140643)
  [1m[36m (0.1ms)[0m  [1mbegin transaction[0m
  [1m[35m (0.7ms)[0m  CREATE  INDEX "index_mailboxer_conversation_opt_outs_on_unsubscriber_id_type" ON "mailboxer_conversation_opt_outs" ("unsubscriber_id", "unsubscriber_type")
  [1m[36m (0.2ms)[0m  [1m            SELECT sql
            FROM sqlite_master
            WHERE name='index_mailboxer_conversation_opt_outs_on_unsubscriber_id_type' AND type='index'
            UNION ALL
            SELECT sql
            FROM sqlite_temp_master
            WHERE name='index_mailboxer_conversation_opt_outs_on_unsubscriber_id_type' AND type='index'
[0m
  [1m[35m (0.4ms)[0m  CREATE  INDEX "index_mailboxer_conversation_opt_outs_on_conversation_id" ON "mailboxer_conversation_opt_outs" ("conversation_id")
  [1m[36m (0.2ms)[0m  [1m            SELECT sql
            FROM sqlite_master
            WHERE name='index_mailboxer_notifications_on_conversation_id' AND type='index'
            UNION ALL
            SELECT sql
            FROM sqlite_temp_master
            WHERE name='index_mailboxer_notifications_on_conversation_id' AND type='index'
[0m
  [1m[35m (0.4ms)[0m  CREATE  INDEX "index_mailboxer_notifications_on_type" ON "mailboxer_notifications" ("type")
  [1m[36m (0.2ms)[0m  [1m            SELECT sql
            FROM sqlite_master
            WHERE name='index_mailboxer_notifications_on_type' AND type='index'
            UNION ALL
            SELECT sql
            FROM sqlite_temp_master
            WHERE name='index_mailboxer_notifications_on_type' AND type='index'
[0m
  [1m[35m (0.2ms)[0m              SELECT sql
            FROM sqlite_master
            WHERE name='index_mailboxer_notifications_on_conversation_id' AND type='index'
            UNION ALL
            SELECT sql
            FROM sqlite_temp_master
            WHERE name='index_mailboxer_notifications_on_conversation_id' AND type='index'

  [1m[36m (0.3ms)[0m  [1mCREATE  INDEX "index_mailboxer_notifications_on_sender_id_and_sender_type" ON "mailboxer_notifications" ("sender_id", "sender_type")[0m
  [1m[35m (0.2ms)[0m              SELECT sql
            FROM sqlite_master
            WHERE name='index_mailboxer_notifications_on_sender_id_and_sender_type' AND type='index'
            UNION ALL
            SELECT sql
            FROM sqlite_temp_master
            WHERE name='index_mailboxer_notifications_on_sender_id_and_sender_type' AND type='index'

  [1m[36m (0.2ms)[0m  [1m            SELECT sql
            FROM sqlite_master
            WHERE name='index_mailboxer_notifications_on_type' AND type='index'
            UNION ALL
            SELECT sql
            FROM sqlite_temp_master
            WHERE name='index_mailboxer_notifications_on_type' AND type='index'
[0m
  [1m[35m (0.2ms)[0m              SELECT sql
            FROM sqlite_master
            WHERE name='index_mailboxer_notifications_on_conversation_id' AND type='index'
            UNION ALL
            SELECT sql
            FROM sqlite_temp_master
            WHERE name='index_mailboxer_notifications_on_conversation_id' AND type='index'

  [1m[36m (0.4ms)[0m  [1mCREATE  INDEX "index_mailboxer_notifications_on_notified_object_id_and_type" ON "mailboxer_notifications" ("notified_object_id", "notified_object_type")[0m
  [1m[35m (0.2ms)[0m              SELECT sql
            FROM sqlite_master
            WHERE name='index_mailboxer_receipts_on_notification_id' AND type='index'
            UNION ALL
            SELECT sql
            FROM sqlite_temp_master
            WHERE name='index_mailboxer_receipts_on_notification_id' AND type='index'

  [1m[36m (0.3ms)[0m  [1mCREATE  INDEX "index_mailboxer_receipts_on_receiver_id_and_receiver_type" ON "mailboxer_receipts" ("receiver_id", "receiver_type")[0m
  [1m[35mSQL (0.2ms)[0m  INSERT INTO "schema_migrations" ("version") VALUES (?)  [["version", "20141208140643"]]
  [1m[36m (130.5ms)[0m  [1mcommit transaction[0m
  [1m[35mActiveRecord::SchemaMigration Load (0.2ms)[0m  SELECT "schema_migrations".* FROM "schema_migrations"
  [1m[36m (0.1ms)[0m  [1m            SELECT sql
            FROM sqlite_master
            WHERE name='index_mailboxer_conversation_opt_outs_on_conversation_id' AND type='index'
            UNION ALL
            SELECT sql
            FROM sqlite_temp_master
            WHERE name='index_mailboxer_conversation_opt_outs_on_conversation_id' AND type='index'
[0m
  [1m[35m (0.1ms)[0m              SELECT sql
            FROM sqlite_master
            WHERE name='index_mailboxer_conversation_opt_outs_on_unsubscriber_id_type' AND type='index'
            UNION ALL
            SELECT sql
            FROM sqlite_temp_master
            WHERE name='index_mailboxer_conversation_opt_outs_on_unsubscriber_id_type' AND type='index'

  [1m[36m (0.1ms)[0m  [1m            SELECT sql
            FROM sqlite_master
            WHERE name='index_mailboxer_notifications_on_notified_object_id_and_type' AND type='index'
            UNION ALL
            SELECT sql
            FROM sqlite_temp_master
            WHERE name='index_mailboxer_notifications_on_notified_object_id_and_type' AND type='index'
[0m
  [1m[35m (0.1ms)[0m              SELECT sql
            FROM sqlite_master
            WHERE name='index_mailboxer_notifications_on_sender_id_and_sender_type' AND type='index'
            UNION ALL
            SELECT sql
            FROM sqlite_temp_master
            WHERE name='index_mailboxer_notifications_on_sender_id_and_sender_type' AND type='index'

  [1m[36m (0.1ms)[0m  [1m            SELECT sql
            FROM sqlite_master
            WHERE name='index_mailboxer_notifications_on_type' AND type='index'
            UNION ALL
            SELECT sql
            FROM sqlite_temp_master
            WHERE name='index_mailboxer_notifications_on_type' AND type='index'
[0m
  [1m[35m (0.1ms)[0m              SELECT sql
            FROM sqlite_master
            WHERE name='index_mailboxer_notifications_on_conversation_id' AND type='index'
            UNION ALL
            SELECT sql
            FROM sqlite_temp_master
            WHERE name='index_mailboxer_notifications_on_conversation_id' AND type='index'

  [1m[36m (0.1ms)[0m  [1m            SELECT sql
            FROM sqlite_master
            WHERE name='index_mailboxer_receipts_on_receiver_id_and_receiver_type' AND type='index'
            UNION ALL
            SELECT sql
            FROM sqlite_temp_master
            WHERE name='index_mailboxer_receipts_on_receiver_id_and_receiver_type' AND type='index'
[0m
  [1m[35m (0.1ms)[0m              SELECT sql
            FROM sqlite_master
            WHERE name='index_mailboxer_receipts_on_notification_id' AND type='index'
            UNION ALL
            SELECT sql
            FROM sqlite_temp_master
            WHERE name='index_mailboxer_receipts_on_notification_id' AND type='index'

  [1m[36m (0.1ms)[0m  [1m            SELECT sql
            FROM sqlite_master
            WHERE name='index_users_on_reset_password_token' AND type='index'
            UNION ALL
            SELECT sql
            FROM sqlite_temp_master
            WHERE name='index_users_on_reset_password_token' AND type='index'
[0m
  [1m[35m (0.1ms)[0m              SELECT sql
            FROM sqlite_master
            WHERE name='index_users_on_email' AND type='index'
            UNION ALL
            SELECT sql
            FROM sqlite_temp_master
            WHERE name='index_users_on_email' AND type='index'

